<?xml version="1.0" encoding="UTF-8"?>
<testng-results skipped="0" failed="0" total="1" passed="1">
  <reporter-output>
  </reporter-output>
  <suite name="Jenkins" duration-ms="11110" started-at="2015-09-25T06:58:39Z" finished-at="2015-09-25T06:58:50Z">
    <groups>
    </groups>
    <test name="JenkinsTest" duration-ms="11110" started-at="2015-09-25T06:58:39Z" finished-at="2015-09-25T06:58:50Z">
      <class name="com.jenkinsproject.JenkinsTest">
        <test-method status="PASS" signature="test()[pri:0, instance:com.jenkinsproject.JenkinsTest@2b80d80f]" name="test" duration-ms="11101" started-at="2015-09-25T12:28:39Z" finished-at="2015-09-25T12:28:50Z">
          <reporter-output>
          </reporter-output>
        </test-method> <!-- test -->
      </class> <!-- com.jenkinsproject.JenkinsTest -->
    </test> <!-- JenkinsTest -->
  </suite> <!-- Jenkins -->
</testng-results>
